[2025-07-24T10:26:53.468+0000] {manager.py:483} INFO - Processing files using up to 2 processes at a time 
[2025-07-24T10:26:53.469+0000] {manager.py:484} INFO - Process each file at most once every 30 seconds
[2025-07-24T10:26:53.471+0000] {manager.py:485} INFO - Checking for new files in /opt/airflow/dags every 300 seconds
[2025-07-24T10:26:53.478+0000] {manager.py:821} INFO - Searching for files in /opt/airflow/dags
[2025-07-24T10:26:53.483+0000] {manager.py:824} INFO - There are 0 files in /opt/airflow/dags
[2025-07-24T10:31:54.175+0000] {manager.py:821} INFO - Searching for files in /opt/airflow/dags
[2025-07-24T10:31:54.182+0000] {manager.py:824} INFO - There are 0 files in /opt/airflow/dags
[2025-07-24T10:36:55.736+0000] {manager.py:821} INFO - Searching for files in /opt/airflow/dags
[2025-07-24T10:36:55.744+0000] {manager.py:824} INFO - There are 0 files in /opt/airflow/dags
[2025-07-24T10:41:56.613+0000] {manager.py:821} INFO - Searching for files in /opt/airflow/dags
[2025-07-24T10:41:56.619+0000] {manager.py:824} INFO - There are 0 files in /opt/airflow/dags
[2025-07-24T10:46:56.877+0000] {manager.py:821} INFO - Searching for files in /opt/airflow/dags
[2025-07-24T10:46:56.883+0000] {manager.py:824} INFO - There are 0 files in /opt/airflow/dags
[2025-07-24T10:51:59.795+0000] {manager.py:821} INFO - Searching for files in /opt/airflow/dags
[2025-07-24T10:51:59.804+0000] {manager.py:824} INFO - There are 0 files in /opt/airflow/dags
[2025-07-24T10:57:00.030+0000] {manager.py:821} INFO - Searching for files in /opt/airflow/dags
[2025-07-24T10:57:00.047+0000] {manager.py:824} INFO - There are 0 files in /opt/airflow/dags
[2025-07-24T11:02:00.810+0000] {manager.py:821} INFO - Searching for files in /opt/airflow/dags
[2025-07-24T11:02:00.818+0000] {manager.py:824} INFO - There are 0 files in /opt/airflow/dags
[2025-07-24T11:07:00.949+0000] {manager.py:821} INFO - Searching for files in /opt/airflow/dags
[2025-07-24T11:07:00.957+0000] {manager.py:824} INFO - There are 0 files in /opt/airflow/dags
[2025-07-24T11:12:01.041+0000] {manager.py:821} INFO - Searching for files in /opt/airflow/dags
[2025-07-24T11:12:01.048+0000] {manager.py:824} INFO - There are 0 files in /opt/airflow/dags
[2025-07-24T11:17:02.824+0000] {manager.py:821} INFO - Searching for files in /opt/airflow/dags
[2025-07-24T11:17:02.831+0000] {manager.py:824} INFO - There are 0 files in /opt/airflow/dags
[2025-07-24T11:22:03.524+0000] {manager.py:821} INFO - Searching for files in /opt/airflow/dags
[2025-07-24T11:22:03.532+0000] {manager.py:824} INFO - There are 0 files in /opt/airflow/dags
[2025-07-24T11:27:04.082+0000] {manager.py:821} INFO - Searching for files in /opt/airflow/dags
[2025-07-24T11:27:04.091+0000] {manager.py:824} INFO - There are 0 files in /opt/airflow/dags
[2025-07-24T11:32:04.690+0000] {manager.py:821} INFO - Searching for files in /opt/airflow/dags
[2025-07-24T11:32:04.697+0000] {manager.py:824} INFO - There are 0 files in /opt/airflow/dags
[2025-07-24T11:37:05.628+0000] {manager.py:821} INFO - Searching for files in /opt/airflow/dags
[2025-07-24T11:37:05.637+0000] {manager.py:824} INFO - There are 0 files in /opt/airflow/dags
[2025-07-24T11:42:05.657+0000] {manager.py:821} INFO - Searching for files in /opt/airflow/dags
[2025-07-24T11:42:05.664+0000] {manager.py:824} INFO - There are 0 files in /opt/airflow/dags
[2025-07-24T11:47:06.623+0000] {manager.py:821} INFO - Searching for files in /opt/airflow/dags
[2025-07-24T11:47:06.631+0000] {manager.py:824} INFO - There are 0 files in /opt/airflow/dags
[2025-07-24T11:52:06.776+0000] {manager.py:821} INFO - Searching for files in /opt/airflow/dags
[2025-07-24T11:52:06.786+0000] {manager.py:824} INFO - There are 0 files in /opt/airflow/dags
[2025-07-24T11:57:08.798+0000] {manager.py:821} INFO - Searching for files in /opt/airflow/dags
[2025-07-24T11:57:08.806+0000] {manager.py:824} INFO - There are 0 files in /opt/airflow/dags
[2025-07-24T12:02:09.796+0000] {manager.py:821} INFO - Searching for files in /opt/airflow/dags
[2025-07-24T12:02:09.804+0000] {manager.py:824} INFO - There are 0 files in /opt/airflow/dags
[2025-07-24T12:07:10.119+0000] {manager.py:821} INFO - Searching for files in /opt/airflow/dags
[2025-07-24T12:07:10.126+0000] {manager.py:824} INFO - There are 0 files in /opt/airflow/dags
[2025-07-24T12:12:10.265+0000] {manager.py:821} INFO - Searching for files in /opt/airflow/dags
[2025-07-24T12:12:10.273+0000] {manager.py:824} INFO - There are 0 files in /opt/airflow/dags
[2025-07-24T12:17:10.373+0000] {manager.py:821} INFO - Searching for files in /opt/airflow/dags
[2025-07-24T12:17:10.378+0000] {manager.py:824} INFO - There are 0 files in /opt/airflow/dags
[2025-07-24T12:22:10.548+0000] {manager.py:821} INFO - Searching for files in /opt/airflow/dags
[2025-07-24T12:22:10.560+0000] {manager.py:824} INFO - There are 0 files in /opt/airflow/dags
[2025-07-24T12:27:11.284+0000] {manager.py:821} INFO - Searching for files in /opt/airflow/dags
[2025-07-24T12:27:11.291+0000] {manager.py:824} INFO - There are 0 files in /opt/airflow/dags
[2025-07-24T12:32:14.752+0000] {manager.py:821} INFO - Searching for files in /opt/airflow/dags
[2025-07-24T12:32:14.761+0000] {manager.py:824} INFO - There are 0 files in /opt/airflow/dags
[2025-07-24T12:37:15.674+0000] {manager.py:821} INFO - Searching for files in /opt/airflow/dags
[2025-07-24T12:37:15.682+0000] {manager.py:824} INFO - There are 0 files in /opt/airflow/dags
[2025-07-24T12:42:17.403+0000] {manager.py:821} INFO - Searching for files in /opt/airflow/dags
[2025-07-24T12:42:17.410+0000] {manager.py:824} INFO - There are 0 files in /opt/airflow/dags
[2025-07-24T12:47:17.819+0000] {manager.py:821} INFO - Searching for files in /opt/airflow/dags
[2025-07-24T12:47:17.829+0000] {manager.py:824} INFO - There are 0 files in /opt/airflow/dags
[2025-07-24T12:52:18.201+0000] {manager.py:821} INFO - Searching for files in /opt/airflow/dags
[2025-07-24T12:52:18.209+0000] {manager.py:824} INFO - There are 0 files in /opt/airflow/dags
[2025-07-24T12:57:18.217+0000] {manager.py:821} INFO - Searching for files in /opt/airflow/dags
[2025-07-24T12:57:18.227+0000] {manager.py:824} INFO - There are 0 files in /opt/airflow/dags
[2025-07-24T13:02:21.263+0000] {manager.py:821} INFO - Searching for files in /opt/airflow/dags
[2025-07-24T13:02:21.273+0000] {manager.py:824} INFO - There are 0 files in /opt/airflow/dags
[2025-07-24T13:07:21.349+0000] {manager.py:821} INFO - Searching for files in /opt/airflow/dags
[2025-07-24T13:07:21.356+0000] {manager.py:824} INFO - There are 0 files in /opt/airflow/dags
[2025-07-24T13:12:21.363+0000] {manager.py:821} INFO - Searching for files in /opt/airflow/dags
[2025-07-24T13:12:21.369+0000] {manager.py:824} INFO - There are 0 files in /opt/airflow/dags
[2025-07-24T13:17:22.220+0000] {manager.py:821} INFO - Searching for files in /opt/airflow/dags
[2025-07-24T13:17:22.228+0000] {manager.py:824} INFO - There are 0 files in /opt/airflow/dags
[2025-07-24T13:22:22.294+0000] {manager.py:821} INFO - Searching for files in /opt/airflow/dags
[2025-07-24T13:22:22.302+0000] {manager.py:824} INFO - There are 0 files in /opt/airflow/dags
[2025-07-24T13:27:22.643+0000] {manager.py:821} INFO - Searching for files in /opt/airflow/dags
[2025-07-24T13:27:22.650+0000] {manager.py:824} INFO - There are 0 files in /opt/airflow/dags
[2025-07-24T13:32:23.917+0000] {manager.py:821} INFO - Searching for files in /opt/airflow/dags
[2025-07-24T13:32:23.926+0000] {manager.py:824} INFO - There are 0 files in /opt/airflow/dags
[2025-07-24T13:37:24.730+0000] {manager.py:821} INFO - Searching for files in /opt/airflow/dags
[2025-07-24T13:37:24.735+0000] {manager.py:824} INFO - There are 0 files in /opt/airflow/dags
[2025-07-24T13:42:25.382+0000] {manager.py:821} INFO - Searching for files in /opt/airflow/dags
[2025-07-24T13:42:25.389+0000] {manager.py:824} INFO - There are 0 files in /opt/airflow/dags
[2025-07-24T13:47:25.940+0000] {manager.py:821} INFO - Searching for files in /opt/airflow/dags
[2025-07-24T13:47:25.947+0000] {manager.py:824} INFO - There are 0 files in /opt/airflow/dags
[2025-07-24T13:52:26.356+0000] {manager.py:821} INFO - Searching for files in /opt/airflow/dags
[2025-07-24T13:52:26.363+0000] {manager.py:824} INFO - There are 0 files in /opt/airflow/dags
[2025-07-24T13:57:29.506+0000] {manager.py:821} INFO - Searching for files in /opt/airflow/dags
[2025-07-24T13:57:29.524+0000] {manager.py:824} INFO - There are 0 files in /opt/airflow/dags
[2025-07-24T14:02:30.462+0000] {manager.py:821} INFO - Searching for files in /opt/airflow/dags
[2025-07-24T14:02:30.469+0000] {manager.py:824} INFO - There are 0 files in /opt/airflow/dags
[2025-07-24T14:07:31.040+0000] {manager.py:821} INFO - Searching for files in /opt/airflow/dags
[2025-07-24T14:07:31.047+0000] {manager.py:824} INFO - There are 0 files in /opt/airflow/dags
[2025-07-24T14:12:31.973+0000] {manager.py:821} INFO - Searching for files in /opt/airflow/dags
[2025-07-24T14:12:31.978+0000] {manager.py:824} INFO - There are 0 files in /opt/airflow/dags
[2025-07-26T09:00:01.503+0000] {manager.py:483} INFO - Processing files using up to 2 processes at a time 
[2025-07-26T09:00:01.852+0000] {manager.py:484} INFO - Process each file at most once every 30 seconds
[2025-07-26T09:00:01.853+0000] {manager.py:485} INFO - Checking for new files in /opt/airflow/dags every 300 seconds
[2025-07-26T09:00:01.854+0000] {manager.py:821} INFO - Searching for files in /opt/airflow/dags
[2025-07-26T09:00:01.860+0000] {manager.py:824} INFO - There are 0 files in /opt/airflow/dags
[2025-07-26T09:02:24.867+0000] {manager.py:465} INFO - Exiting gracefully upon receiving signal 15
